2025-05-15T10:42:28.973+07:00  INFO 15212 --- [hieuthuoc] [restartedMain] c.e.hieuthuoc.HieuthuocApplication       : Starting HieuthuocApplication using Java 20.0.2 with PID 15212 (D:\SQA\TestCase\target\classes started by win in D:\SQA\TestCase)
2025-05-15T10:42:28.980+07:00  INFO 15212 --- [hieuthuoc] [restartedMain] c.e.hieuthuoc.HieuthuocApplication       : No active profile set, falling back to 1 default profile: "default"
2025-05-15T10:42:29.243+07:00  INFO 15212 --- [hieuthuoc] [restartedMain] .e.DevToolsPropertyDefaultsPostProcessor : Devtools property defaults active! Set 'spring.devtools.add-properties' to 'false' to disable
2025-05-15T10:42:29.244+07:00  INFO 15212 --- [hieuthuoc] [restartedMain] .e.DevToolsPropertyDefaultsPostProcessor : For additional web related logging consider setting the 'logging.level.web' property to 'DEBUG'
2025-05-15T10:42:30.291+07:00  INFO 15212 --- [hieuthuoc] [restartedMain] .s.d.r.c.RepositoryConfigurationDelegate : Bootstrapping Spring Data JPA repositories in DEFAULT mode.
2025-05-15T10:42:30.445+07:00  INFO 15212 --- [hieuthuoc] [restartedMain] .s.d.r.c.RepositoryConfigurationDelegate : Finished Spring Data repository scanning in 145 ms. Found 26 JPA repository interfaces.
2025-05-15T10:42:31.547+07:00  INFO 15212 --- [hieuthuoc] [restartedMain] o.s.b.w.embedded.tomcat.TomcatWebServer  : Tomcat initialized with port 8888 (http)
2025-05-15T10:42:31.567+07:00  INFO 15212 --- [hieuthuoc] [restartedMain] o.apache.catalina.core.StandardService   : Starting service [Tomcat]
2025-05-15T10:42:31.567+07:00  INFO 15212 --- [hieuthuoc] [restartedMain] o.apache.catalina.core.StandardEngine    : Starting Servlet engine: [Apache Tomcat/10.1.31]
2025-05-15T10:42:31.624+07:00  INFO 15212 --- [hieuthuoc] [restartedMain] o.a.c.c.C.[.[localhost].[/hieuthuoc]     : Initializing Spring embedded WebApplicationContext
2025-05-15T10:42:31.624+07:00  INFO 15212 --- [hieuthuoc] [restartedMain] w.s.c.ServletWebServerApplicationContext : Root WebApplicationContext: initialization completed in 2380 ms
2025-05-15T10:42:31.673+07:00  INFO 15212 --- [hieuthuoc] [restartedMain] com.zaxxer.hikari.HikariDataSource       : HikariPool-1 - Starting...
2025-05-15T10:42:32.088+07:00  INFO 15212 --- [hieuthuoc] [restartedMain] com.zaxxer.hikari.pool.HikariPool        : HikariPool-1 - Added connection com.mysql.cj.jdbc.ConnectionImpl@ff500a2
2025-05-15T10:42:32.090+07:00  INFO 15212 --- [hieuthuoc] [restartedMain] com.zaxxer.hikari.HikariDataSource       : HikariPool-1 - Start completed.
2025-05-15T10:42:32.100+07:00  INFO 15212 --- [hieuthuoc] [restartedMain] o.s.b.a.h2.H2ConsoleAutoConfiguration    : H2 console available at '/h2-console'. Database available at 'jdbc:mysql://localhost:3306/hieu_thuoc'
2025-05-15T10:42:32.317+07:00  INFO 15212 --- [hieuthuoc] [restartedMain] o.hibernate.jpa.internal.util.LogHelper  : HHH000204: Processing PersistenceUnitInfo [name: default]
2025-05-15T10:42:32.410+07:00  INFO 15212 --- [hieuthuoc] [restartedMain] org.hibernate.Version                    : HHH000412: Hibernate ORM core version 6.5.3.Final
2025-05-15T10:42:32.465+07:00  INFO 15212 --- [hieuthuoc] [restartedMain] o.h.c.internal.RegionFactoryInitiator    : HHH000026: Second-level cache disabled
2025-05-15T10:42:32.807+07:00  INFO 15212 --- [hieuthuoc] [restartedMain] o.s.o.j.p.SpringPersistenceUnitInfo      : No LoadTimeWeaver setup: ignoring JPA class transformer
2025-05-15T10:42:32.904+07:00  WARN 15212 --- [hieuthuoc] [restartedMain] org.hibernate.orm.deprecation            : HHH90000025: MySQL8Dialect does not need to be specified explicitly using 'hibernate.dialect' (remove the property setting and it will be selected by default)
2025-05-15T10:42:32.905+07:00  WARN 15212 --- [hieuthuoc] [restartedMain] org.hibernate.orm.deprecation            : HHH90000026: MySQL8Dialect has been deprecated; use org.hibernate.dialect.MySQLDialect instead
2025-05-15T10:42:34.274+07:00  INFO 15212 --- [hieuthuoc] [restartedMain] o.h.e.t.j.p.i.JtaPlatformInitiator       : HHH000489: No JTA platform available (set 'hibernate.transaction.jta.platform' to enable JTA platform integration)
2025-05-15T10:42:34.924+07:00  INFO 15212 --- [hieuthuoc] [restartedMain] j.LocalContainerEntityManagerFactoryBean : Initialized JPA EntityManagerFactory for persistence unit 'default'
2025-05-15T10:42:35.631+07:00  INFO 15212 --- [hieuthuoc] [restartedMain] o.s.d.j.r.query.QueryEnhancerFactory     : Hibernate is in classpath; If applicable, HQL parser will be used.
2025-05-15T10:42:36.865+07:00  INFO 15212 --- [hieuthuoc] [restartedMain] eAuthenticationProviderManagerConfigurer : Global AuthenticationManager configured with AuthenticationProvider bean with name authenticationProvider
2025-05-15T10:42:36.866+07:00  WARN 15212 --- [hieuthuoc] [restartedMain] r$InitializeUserDetailsManagerConfigurer : Global AuthenticationManager configured with an AuthenticationProvider bean. UserDetailsService beans will not be used for username/password login. Consider removing the AuthenticationProvider bean. Alternatively, consider using the UserDetailsService in a manually instantiated DaoAuthenticationProvider.
2025-05-15T10:42:37.911+07:00  WARN 15212 --- [hieuthuoc] [restartedMain] JpaBaseConfiguration$JpaWebConfiguration : spring.jpa.open-in-view is enabled by default. Therefore, database queries may be performed during view rendering. Explicitly configure spring.jpa.open-in-view to disable this warning
2025-05-15T10:42:38.400+07:00  WARN 15212 --- [hieuthuoc] [restartedMain] ion$DefaultTemplateResolverConfiguration : Cannot find template location: classpath:/templates/ (please add some templates, check your Thymeleaf configuration, or set spring.thymeleaf.check-template-location=false)
2025-05-15T10:42:38.647+07:00  INFO 15212 --- [hieuthuoc] [restartedMain] o.s.b.d.a.OptionalLiveReloadServer       : LiveReload server is running on port 35729
2025-05-15T10:42:38.680+07:00  INFO 15212 --- [hieuthuoc] [restartedMain] o.s.b.w.embedded.tomcat.TomcatWebServer  : Tomcat started on port 8888 (http) with context path '/hieuthuoc'
2025-05-15T10:42:38.692+07:00  INFO 15212 --- [hieuthuoc] [restartedMain] c.e.hieuthuoc.HieuthuocApplication       : Started HieuthuocApplication in 10.148 seconds (process running for 10.802)
2025-05-15T10:43:22.383+07:00  INFO 15212 --- [hieuthuoc] [http-nio-8888-exec-1] o.a.c.c.C.[.[localhost].[/hieuthuoc]     : Initializing Spring DispatcherServlet 'dispatcherServlet'
2025-05-15T10:43:22.385+07:00  INFO 15212 --- [hieuthuoc] [http-nio-8888-exec-1] o.s.web.servlet.DispatcherServlet        : Initializing Servlet 'dispatcherServlet'
2025-05-15T10:43:22.472+07:00  INFO 15212 --- [hieuthuoc] [http-nio-8888-exec-1] o.s.web.servlet.DispatcherServlet        : Completed initialization in 84 ms
2025-05-15T12:35:18.694+07:00  WARN 15212 --- [hieuthuoc] [http-nio-8888-exec-4] o.h.engine.jdbc.spi.SqlExceptionHelper   : SQL Error: 1451, SQLState: 23000
2025-05-15T12:35:18.713+07:00 ERROR 15212 --- [hieuthuoc] [http-nio-8888-exec-4] o.h.engine.jdbc.spi.SqlExceptionHelper   : Cannot delete or update a parent row: a foreign key constraint fails (`hieu_thuoc`.`chi_tiet_gio_hang`, CONSTRAINT `FK9tn526ftgxrcm5fny5f39j5dv` FOREIGN KEY (`thuoc_id`) REFERENCES `thuoc` (`id`))
2025-05-15T12:36:14.554+07:00  WARN 15212 --- [hieuthuoc] [http-nio-8888-exec-3] o.h.engine.jdbc.spi.SqlExceptionHelper   : SQL Error: 1451, SQLState: 23000
2025-05-15T12:36:14.555+07:00 ERROR 15212 --- [hieuthuoc] [http-nio-8888-exec-3] o.h.engine.jdbc.spi.SqlExceptionHelper   : Cannot delete or update a parent row: a foreign key constraint fails (`hieu_thuoc`.`chi_tiet_gio_hang`, CONSTRAINT `FK9tn526ftgxrcm5fny5f39j5dv` FOREIGN KEY (`thuoc_id`) REFERENCES `thuoc` (`id`))
2025-05-15T12:47:46.091+07:00  INFO 15212 --- [hieuthuoc] [SpringApplicationShutdownHook] j.LocalContainerEntityManagerFactoryBean : Closing JPA EntityManagerFactory for persistence unit 'default'
2025-05-15T12:47:46.119+07:00  INFO 15212 --- [hieuthuoc] [SpringApplicationShutdownHook] com.zaxxer.hikari.HikariDataSource       : HikariPool-1 - Shutdown initiated...
2025-05-15T12:47:46.122+07:00  INFO 15212 --- [hieuthuoc] [SpringApplicationShutdownHook] com.zaxxer.hikari.HikariDataSource       : HikariPool-1 - Shutdown completed.
2025-05-15T15:15:43.585+07:00  INFO 9288 --- [hieuthuoc] [main] c.e.h.c.DanhMucThuocControllerTest       : Starting DanhMucThuocControllerTest using Java 20.0.2 with PID 9288 (started by win in D:\SQA\TestCase)
2025-05-15T15:15:43.588+07:00  INFO 9288 --- [hieuthuoc] [main] c.e.h.c.DanhMucThuocControllerTest       : No active profile set, falling back to 1 default profile: "default"
2025-05-15T15:15:46.055+07:00  INFO 9288 --- [hieuthuoc] [main] .s.d.r.c.RepositoryConfigurationDelegate : Bootstrapping Spring Data JPA repositories in DEFAULT mode.
2025-05-15T15:15:46.265+07:00  INFO 9288 --- [hieuthuoc] [main] .s.d.r.c.RepositoryConfigurationDelegate : Finished Spring Data repository scanning in 199 ms. Found 26 JPA repository interfaces.
2025-05-15T15:15:47.691+07:00  INFO 9288 --- [hieuthuoc] [main] com.zaxxer.hikari.HikariDataSource       : HikariPool-1 - Starting...
2025-05-15T15:15:48.361+07:00  INFO 9288 --- [hieuthuoc] [main] com.zaxxer.hikari.pool.HikariPool        : HikariPool-1 - Added connection com.mysql.cj.jdbc.ConnectionImpl@4b2e5d79
2025-05-15T15:15:48.366+07:00  INFO 9288 --- [hieuthuoc] [main] com.zaxxer.hikari.HikariDataSource       : HikariPool-1 - Start completed.
2025-05-15T15:15:48.461+07:00  INFO 9288 --- [hieuthuoc] [main] o.hibernate.jpa.internal.util.LogHelper  : HHH000204: Processing PersistenceUnitInfo [name: default]
2025-05-15T15:15:48.570+07:00  INFO 9288 --- [hieuthuoc] [main] org.hibernate.Version                    : HHH000412: Hibernate ORM core version 6.5.3.Final
2025-05-15T15:15:48.640+07:00  INFO 9288 --- [hieuthuoc] [main] o.h.c.internal.RegionFactoryInitiator    : HHH000026: Second-level cache disabled
2025-05-15T15:15:49.186+07:00  INFO 9288 --- [hieuthuoc] [main] o.s.o.j.p.SpringPersistenceUnitInfo      : No LoadTimeWeaver setup: ignoring JPA class transformer
2025-05-15T15:15:49.316+07:00  WARN 9288 --- [hieuthuoc] [main] org.hibernate.orm.deprecation            : HHH90000025: MySQL8Dialect does not need to be specified explicitly using 'hibernate.dialect' (remove the property setting and it will be selected by default)
2025-05-15T15:15:49.318+07:00  WARN 9288 --- [hieuthuoc] [main] org.hibernate.orm.deprecation            : HHH90000026: MySQL8Dialect has been deprecated; use org.hibernate.dialect.MySQLDialect instead
2025-05-15T15:15:51.947+07:00  INFO 9288 --- [hieuthuoc] [main] o.h.e.t.j.p.i.JtaPlatformInitiator       : HHH000489: No JTA platform available (set 'hibernate.transaction.jta.platform' to enable JTA platform integration)
2025-05-15T15:15:52.952+07:00  INFO 9288 --- [hieuthuoc] [main] j.LocalContainerEntityManagerFactoryBean : Initialized JPA EntityManagerFactory for persistence unit 'default'
2025-05-15T15:15:53.525+07:00  INFO 9288 --- [hieuthuoc] [main] o.s.d.j.r.query.QueryEnhancerFactory     : Hibernate is in classpath; If applicable, HQL parser will be used.
2025-05-15T15:15:57.482+07:00  INFO 9288 --- [hieuthuoc] [main] eAuthenticationProviderManagerConfigurer : Global AuthenticationManager configured with AuthenticationProvider bean with name authenticationProvider
2025-05-15T15:15:57.484+07:00  WARN 9288 --- [hieuthuoc] [main] r$InitializeUserDetailsManagerConfigurer : Global AuthenticationManager configured with an AuthenticationProvider bean. UserDetailsService beans will not be used for username/password login. Consider removing the AuthenticationProvider bean. Alternatively, consider using the UserDetailsService in a manually instantiated DaoAuthenticationProvider.
2025-05-15T15:15:59.112+07:00  WARN 9288 --- [hieuthuoc] [main] JpaBaseConfiguration$JpaWebConfiguration : spring.jpa.open-in-view is enabled by default. Therefore, database queries may be performed during view rendering. Explicitly configure spring.jpa.open-in-view to disable this warning
2025-05-15T15:16:00.417+07:00  WARN 9288 --- [hieuthuoc] [main] ion$DefaultTemplateResolverConfiguration : Cannot find template location: classpath:/templates/ (please add some templates, check your Thymeleaf configuration, or set spring.thymeleaf.check-template-location=false)
2025-05-15T15:16:00.742+07:00  INFO 9288 --- [hieuthuoc] [main] o.s.b.t.m.w.SpringBootMockServletContext : Initializing Spring TestDispatcherServlet ''
2025-05-15T15:16:00.743+07:00  INFO 9288 --- [hieuthuoc] [main] o.s.t.web.servlet.TestDispatcherServlet  : Initializing Servlet ''
2025-05-15T15:16:00.744+07:00  INFO 9288 --- [hieuthuoc] [main] o.s.t.web.servlet.TestDispatcherServlet  : Completed initialization in 1 ms
2025-05-15T15:16:00.778+07:00  INFO 9288 --- [hieuthuoc] [main] c.e.h.c.DanhMucThuocControllerTest       : Started DanhMucThuocControllerTest in 17.882 seconds (process running for 23.931)
2025-05-15T15:16:02.374+07:00  WARN 9288 --- [hieuthuoc] [main] .w.s.m.s.DefaultHandlerExceptionResolver : Resolved [org.springframework.web.bind.MissingServletRequestParameterException: Required request parameter 'id' for method parameter type Integer is not present]
2025-05-15T15:16:02.414+07:00  WARN 9288 --- [hieuthuoc] [main] .w.s.m.s.DefaultHandlerExceptionResolver : Resolved [org.springframework.web.bind.MissingServletRequestParameterException: Required request parameter 'tenDanhMuc' for method parameter type String is not present]
2025-05-15T15:16:02.473+07:00  WARN 9288 --- [hieuthuoc] [main] .w.s.m.s.DefaultHandlerExceptionResolver : Resolved [org.springframework.web.method.annotation.MethodArgumentTypeMismatchException: Method parameter 'id': Failed to convert value of type 'java.lang.String' to required type 'java.lang.Integer'; For input string: "abc"]
2025-05-15T15:16:02.505+07:00  INFO 9288 --- [hieuthuoc] [main] t.c.s.AnnotationConfigContextLoaderUtils : Could not detect default configuration classes for test class [com.example.hieuthuoc.controller.LoaiThuocControllerTest]: LoaiThuocControllerTest does not declare any static, non-private, non-final, nested classes annotated with @Configuration.
2025-05-15T15:16:02.511+07:00  INFO 9288 --- [hieuthuoc] [main] .b.t.c.SpringBootTestContextBootstrapper : Found @SpringBootConfiguration com.example.hieuthuoc.HieuthuocApplication for test class com.example.hieuthuoc.controller.LoaiThuocControllerTest
2025-05-15T15:16:02.967+07:00  WARN 9288 --- [hieuthuoc] [main] .w.s.m.s.DefaultHandlerExceptionResolver : Resolved [org.springframework.web.method.annotation.MethodArgumentTypeMismatchException: Method parameter 'id': Failed to convert value of type 'java.lang.String' to required type 'int'; For input string: "xyz"]
2025-05-15T15:16:03.031+07:00  WARN 9288 --- [hieuthuoc] [main] .w.s.m.s.DefaultHandlerExceptionResolver : Resolved [org.springframework.web.bind.MissingServletRequestParameterException: Required request parameter 'tenLoai' for method parameter type String is not present]
2025-05-15T15:16:03.051+07:00  WARN 9288 --- [hieuthuoc] [main] .w.s.m.s.DefaultHandlerExceptionResolver : Resolved [org.springframework.web.bind.MissingServletRequestParameterException: Required request parameter 'id' for method parameter type int is not present]
2025-05-15T15:16:03.191+07:00  INFO 9288 --- [hieuthuoc] [main] t.c.s.AnnotationConfigContextLoaderUtils : Could not detect default configuration classes for test class [com.example.hieuthuoc.controller.ThuocControllerTest]: ThuocControllerTest does not declare any static, non-private, non-final, nested classes annotated with @Configuration.
2025-05-15T15:16:03.195+07:00  INFO 9288 --- [hieuthuoc] [main] .b.t.c.SpringBootTestContextBootstrapper : Found @SpringBootConfiguration com.example.hieuthuoc.HieuthuocApplication for test class com.example.hieuthuoc.controller.ThuocControllerTest
2025-05-15T15:16:08.094+07:00  INFO 9288 --- [hieuthuoc] [main] t.c.s.AnnotationConfigContextLoaderUtils : Could not detect default configuration classes for test class [com.example.hieuthuoc.controller.TuongTacThuocControllerTest]: TuongTacThuocControllerTest does not declare any static, non-private, non-final, nested classes annotated with @Configuration.
2025-05-15T15:16:08.108+07:00  INFO 9288 --- [hieuthuoc] [main] .b.t.c.SpringBootTestContextBootstrapper : Found @SpringBootConfiguration com.example.hieuthuoc.HieuthuocApplication for test class com.example.hieuthuoc.controller.TuongTacThuocControllerTest
2025-05-15T15:16:09.837+07:00  INFO 9288 --- [hieuthuoc] [main] t.c.s.AnnotationConfigContextLoaderUtils : Could not detect default configuration classes for test class [com.example.hieuthuoc.HieuthuocApplicationTests]: HieuthuocApplicationTests does not declare any static, non-private, non-final, nested classes annotated with @Configuration.
2025-05-15T15:16:09.889+07:00  INFO 9288 --- [hieuthuoc] [main] .b.t.c.SpringBootTestContextBootstrapper : Found @SpringBootConfiguration com.example.hieuthuoc.HieuthuocApplication for test class com.example.hieuthuoc.HieuthuocApplicationTests
2025-05-15T15:16:09.903+07:00  INFO 9288 --- [hieuthuoc] [main] o.s.b.d.r.RestartApplicationListener     : Restart disabled due to context in which it is running
2025-05-15T15:16:10.128+07:00  INFO 9288 --- [hieuthuoc] [main] c.e.hieuthuoc.HieuthuocApplicationTests  : Starting HieuthuocApplicationTests using Java 20.0.2 with PID 9288 (started by win in D:\SQA\TestCase)
2025-05-15T15:16:10.129+07:00  INFO 9288 --- [hieuthuoc] [main] c.e.hieuthuoc.HieuthuocApplicationTests  : No active profile set, falling back to 1 default profile: "default"
2025-05-15T15:16:10.678+07:00  INFO 9288 --- [hieuthuoc] [main] .s.d.r.c.RepositoryConfigurationDelegate : Bootstrapping Spring Data JPA repositories in DEFAULT mode.
2025-05-15T15:16:10.826+07:00  INFO 9288 --- [hieuthuoc] [main] .s.d.r.c.RepositoryConfigurationDelegate : Finished Spring Data repository scanning in 146 ms. Found 26 JPA repository interfaces.
2025-05-15T15:16:11.033+07:00  INFO 9288 --- [hieuthuoc] [main] com.zaxxer.hikari.HikariDataSource       : HikariPool-2 - Starting...
2025-05-15T15:16:11.058+07:00  INFO 9288 --- [hieuthuoc] [main] com.zaxxer.hikari.pool.HikariPool        : HikariPool-2 - Added connection com.mysql.cj.jdbc.ConnectionImpl@49338352
2025-05-15T15:16:11.059+07:00  INFO 9288 --- [hieuthuoc] [main] com.zaxxer.hikari.HikariDataSource       : HikariPool-2 - Start completed.
2025-05-15T15:16:11.060+07:00  INFO 9288 --- [hieuthuoc] [main] o.hibernate.jpa.internal.util.LogHelper  : HHH000204: Processing PersistenceUnitInfo [name: default]
2025-05-15T15:16:11.065+07:00  INFO 9288 --- [hieuthuoc] [main] o.h.c.internal.RegionFactoryInitiator    : HHH000026: Second-level cache disabled
2025-05-15T15:16:11.081+07:00  INFO 9288 --- [hieuthuoc] [main] o.s.o.j.p.SpringPersistenceUnitInfo      : No LoadTimeWeaver setup: ignoring JPA class transformer
2025-05-15T15:16:11.083+07:00  WARN 9288 --- [hieuthuoc] [main] org.hibernate.orm.deprecation            : HHH90000025: MySQL8Dialect does not need to be specified explicitly using 'hibernate.dialect' (remove the property setting and it will be selected by default)
2025-05-15T15:16:11.085+07:00  WARN 9288 --- [hieuthuoc] [main] org.hibernate.orm.deprecation            : HHH90000026: MySQL8Dialect has been deprecated; use org.hibernate.dialect.MySQLDialect instead
2025-05-15T15:16:11.835+07:00  INFO 9288 --- [hieuthuoc] [main] o.h.e.t.j.p.i.JtaPlatformInitiator       : HHH000489: No JTA platform available (set 'hibernate.transaction.jta.platform' to enable JTA platform integration)
2025-05-15T15:16:12.129+07:00  INFO 9288 --- [hieuthuoc] [main] j.LocalContainerEntityManagerFactoryBean : Initialized JPA EntityManagerFactory for persistence unit 'default'
2025-05-15T15:16:12.308+07:00  INFO 9288 --- [hieuthuoc] [main] eAuthenticationProviderManagerConfigurer : Global AuthenticationManager configured with AuthenticationProvider bean with name authenticationProvider
2025-05-15T15:16:12.308+07:00  WARN 9288 --- [hieuthuoc] [main] r$InitializeUserDetailsManagerConfigurer : Global AuthenticationManager configured with an AuthenticationProvider bean. UserDetailsService beans will not be used for username/password login. Consider removing the AuthenticationProvider bean. Alternatively, consider using the UserDetailsService in a manually instantiated DaoAuthenticationProvider.
2025-05-15T15:16:12.622+07:00  WARN 9288 --- [hieuthuoc] [main] JpaBaseConfiguration$JpaWebConfiguration : spring.jpa.open-in-view is enabled by default. Therefore, database queries may be performed during view rendering. Explicitly configure spring.jpa.open-in-view to disable this warning
2025-05-15T15:16:12.846+07:00  WARN 9288 --- [hieuthuoc] [main] ion$DefaultTemplateResolverConfiguration : Cannot find template location: classpath:/templates/ (please add some templates, check your Thymeleaf configuration, or set spring.thymeleaf.check-template-location=false)
2025-05-15T15:16:12.981+07:00  INFO 9288 --- [hieuthuoc] [main] c.e.hieuthuoc.HieuthuocApplicationTests  : Started HieuthuocApplicationTests in 3.079 seconds (process running for 36.134)
2025-05-15T15:16:13.003+07:00  INFO 9288 --- [hieuthuoc] [main] t.c.s.AnnotationConfigContextLoaderUtils : Could not detect default configuration classes for test class [com.example.hieuthuoc.service.DanhMucThuocServiceTest]: DanhMucThuocServiceTest does not declare any static, non-private, non-final, nested classes annotated with @Configuration.
2025-05-15T15:16:13.017+07:00  INFO 9288 --- [hieuthuoc] [main] .b.t.c.SpringBootTestContextBootstrapper : Found @SpringBootConfiguration com.example.hieuthuoc.HieuthuocApplication for test class com.example.hieuthuoc.service.DanhMucThuocServiceTest
2025-05-15T15:16:13.245+07:00  INFO 9288 --- [hieuthuoc] [main] t.c.s.AnnotationConfigContextLoaderUtils : Could not detect default configuration classes for test class [com.example.hieuthuoc.service.LoaiThuocServiceTest]: LoaiThuocServiceTest does not declare any static, non-private, non-final, nested classes annotated with @Configuration.
2025-05-15T15:16:13.248+07:00  INFO 9288 --- [hieuthuoc] [main] .b.t.c.SpringBootTestContextBootstrapper : Found @SpringBootConfiguration com.example.hieuthuoc.HieuthuocApplication for test class com.example.hieuthuoc.service.LoaiThuocServiceTest
2025-05-15T15:16:13.484+07:00  INFO 9288 --- [hieuthuoc] [main] t.c.s.AnnotationConfigContextLoaderUtils : Could not detect default configuration classes for test class [com.example.hieuthuoc.service.ThanhPhanThuocServiceTest]: ThanhPhanThuocServiceTest does not declare any static, non-private, non-final, nested classes annotated with @Configuration.
2025-05-15T15:16:13.485+07:00  INFO 9288 --- [hieuthuoc] [main] .b.t.c.SpringBootTestContextBootstrapper : Found @SpringBootConfiguration com.example.hieuthuoc.HieuthuocApplication for test class com.example.hieuthuoc.service.ThanhPhanThuocServiceTest
2025-05-15T15:16:14.786+07:00  INFO 9288 --- [hieuthuoc] [main] t.c.s.AnnotationConfigContextLoaderUtils : Could not detect default configuration classes for test class [com.example.hieuthuoc.service.ThuocServiceTest]: ThuocServiceTest does not declare any static, non-private, non-final, nested classes annotated with @Configuration.
2025-05-15T15:16:14.799+07:00  INFO 9288 --- [hieuthuoc] [main] .b.t.c.SpringBootTestContextBootstrapper : Found @SpringBootConfiguration com.example.hieuthuoc.HieuthuocApplication for test class com.example.hieuthuoc.service.ThuocServiceTest
2025-05-15T15:16:14.817+07:00  INFO 9288 --- [hieuthuoc] [main] o.s.b.d.r.RestartApplicationListener     : Restart disabled due to context in which it is running
2025-05-15T15:16:14.886+07:00  INFO 9288 --- [hieuthuoc] [main] c.e.hieuthuoc.service.ThuocServiceTest   : Starting ThuocServiceTest using Java 20.0.2 with PID 9288 (started by win in D:\SQA\TestCase)
2025-05-15T15:16:14.890+07:00  INFO 9288 --- [hieuthuoc] [main] c.e.hieuthuoc.service.ThuocServiceTest   : No active profile set, falling back to 1 default profile: "default"
2025-05-15T15:16:15.576+07:00  INFO 9288 --- [hieuthuoc] [main] .s.d.r.c.RepositoryConfigurationDelegate : Bootstrapping Spring Data JPA repositories in DEFAULT mode.
2025-05-15T15:16:15.657+07:00  INFO 9288 --- [hieuthuoc] [main] .s.d.r.c.RepositoryConfigurationDelegate : Finished Spring Data repository scanning in 81 ms. Found 26 JPA repository interfaces.
2025-05-15T15:16:17.945+07:00  INFO 9288 --- [hieuthuoc] [main] com.zaxxer.hikari.HikariDataSource       : HikariPool-3 - Starting...
2025-05-15T15:16:18.049+07:00  INFO 9288 --- [hieuthuoc] [main] com.zaxxer.hikari.pool.HikariPool        : HikariPool-3 - Added connection com.mysql.cj.jdbc.ConnectionImpl@33b90ac6
2025-05-15T15:16:18.051+07:00  INFO 9288 --- [hieuthuoc] [main] com.zaxxer.hikari.HikariDataSource       : HikariPool-3 - Start completed.
2025-05-15T15:16:18.053+07:00  INFO 9288 --- [hieuthuoc] [main] o.hibernate.jpa.internal.util.LogHelper  : HHH000204: Processing PersistenceUnitInfo [name: default]
2025-05-15T15:16:18.060+07:00  INFO 9288 --- [hieuthuoc] [main] o.h.c.internal.RegionFactoryInitiator    : HHH000026: Second-level cache disabled
2025-05-15T15:16:18.110+07:00  INFO 9288 --- [hieuthuoc] [main] o.s.o.j.p.SpringPersistenceUnitInfo      : No LoadTimeWeaver setup: ignoring JPA class transformer
2025-05-15T15:16:18.116+07:00  WARN 9288 --- [hieuthuoc] [main] org.hibernate.orm.deprecation            : HHH90000025: MySQL8Dialect does not need to be specified explicitly using 'hibernate.dialect' (remove the property setting and it will be selected by default)
2025-05-15T15:16:18.122+07:00  WARN 9288 --- [hieuthuoc] [main] org.hibernate.orm.deprecation            : HHH90000026: MySQL8Dialect has been deprecated; use org.hibernate.dialect.MySQLDialect instead
2025-05-15T15:16:20.452+07:00  INFO 9288 --- [hieuthuoc] [main] o.h.e.t.j.p.i.JtaPlatformInitiator       : HHH000489: No JTA platform available (set 'hibernate.transaction.jta.platform' to enable JTA platform integration)
2025-05-15T15:16:21.841+07:00  INFO 9288 --- [hieuthuoc] [main] j.LocalContainerEntityManagerFactoryBean : Initialized JPA EntityManagerFactory for persistence unit 'default'
2025-05-15T15:16:22.497+07:00  INFO 9288 --- [hieuthuoc] [main] eAuthenticationProviderManagerConfigurer : Global AuthenticationManager configured with AuthenticationProvider bean with name authenticationProvider
2025-05-15T15:16:22.498+07:00  WARN 9288 --- [hieuthuoc] [main] r$InitializeUserDetailsManagerConfigurer : Global AuthenticationManager configured with an AuthenticationProvider bean. UserDetailsService beans will not be used for username/password login. Consider removing the AuthenticationProvider bean. Alternatively, consider using the UserDetailsService in a manually instantiated DaoAuthenticationProvider.
2025-05-15T15:16:25.506+07:00  WARN 9288 --- [hieuthuoc] [main] JpaBaseConfiguration$JpaWebConfiguration : spring.jpa.open-in-view is enabled by default. Therefore, database queries may be performed during view rendering. Explicitly configure spring.jpa.open-in-view to disable this warning
2025-05-15T15:16:26.277+07:00  WARN 9288 --- [hieuthuoc] [main] ion$DefaultTemplateResolverConfiguration : Cannot find template location: classpath:/templates/ (please add some templates, check your Thymeleaf configuration, or set spring.thymeleaf.check-template-location=false)
2025-05-15T15:16:26.510+07:00  INFO 9288 --- [hieuthuoc] [main] c.e.hieuthuoc.service.ThuocServiceTest   : Started ThuocServiceTest in 11.693 seconds (process running for 49.663)
2025-05-15T15:16:33.118+07:00  INFO 9288 --- [hieuthuoc] [main] t.c.s.AnnotationConfigContextLoaderUtils : Could not detect default configuration classes for test class [com.example.hieuthuoc.service.TuongTacThuocServiceTest]: TuongTacThuocServiceTest does not declare any static, non-private, non-final, nested classes annotated with @Configuration.
2025-05-15T15:16:33.123+07:00  INFO 9288 --- [hieuthuoc] [main] .b.t.c.SpringBootTestContextBootstrapper : Found @SpringBootConfiguration com.example.hieuthuoc.HieuthuocApplication for test class com.example.hieuthuoc.service.TuongTacThuocServiceTest
2025-05-15T15:16:36.288+07:00  INFO 9288 --- [hieuthuoc] [SpringApplicationShutdownHook] j.LocalContainerEntityManagerFactoryBean : Closing JPA EntityManagerFactory for persistence unit 'default'
2025-05-15T15:16:36.296+07:00  INFO 9288 --- [hieuthuoc] [SpringApplicationShutdownHook] com.zaxxer.hikari.HikariDataSource       : HikariPool-1 - Shutdown initiated...
2025-05-15T15:16:36.319+07:00  INFO 9288 --- [hieuthuoc] [SpringApplicationShutdownHook] com.zaxxer.hikari.HikariDataSource       : HikariPool-1 - Shutdown completed.
2025-05-15T15:16:36.328+07:00  INFO 9288 --- [hieuthuoc] [SpringApplicationShutdownHook] j.LocalContainerEntityManagerFactoryBean : Closing JPA EntityManagerFactory for persistence unit 'default'
2025-05-15T15:16:36.329+07:00  INFO 9288 --- [hieuthuoc] [SpringApplicationShutdownHook] com.zaxxer.hikari.HikariDataSource       : HikariPool-2 - Shutdown initiated...
2025-05-15T15:16:36.336+07:00  INFO 9288 --- [hieuthuoc] [SpringApplicationShutdownHook] com.zaxxer.hikari.HikariDataSource       : HikariPool-2 - Shutdown completed.
2025-05-15T15:16:36.342+07:00  INFO 9288 --- [hieuthuoc] [SpringApplicationShutdownHook] j.LocalContainerEntityManagerFactoryBean : Closing JPA EntityManagerFactory for persistence unit 'default'
2025-05-15T15:16:36.343+07:00  INFO 9288 --- [hieuthuoc] [SpringApplicationShutdownHook] com.zaxxer.hikari.HikariDataSource       : HikariPool-3 - Shutdown initiated...
2025-05-15T15:16:36.349+07:00  INFO 9288 --- [hieuthuoc] [SpringApplicationShutdownHook] com.zaxxer.hikari.HikariDataSource       : HikariPool-3 - Shutdown completed.
